[2022-05-14T19:34:03.726] [DEBUG] cheese - login => username:111,password:222
[2022-05-14T19:34:03.729] [DEBUG] cheese - 111
[2022-05-14T19:34:03.738] [DEBUG] cheese - null
[2022-05-14T19:34:03.739] [DEBUG] cheese - null
[2022-05-14T19:34:15.215] [DEBUG] cheese - login => username:111,password:222
[2022-05-14T19:34:15.215] [DEBUG] cheese - 111
[2022-05-14T19:34:15.219] [DEBUG] cheese - null
[2022-05-14T19:34:15.219] [DEBUG] cheese - null
[2022-05-14T19:34:50.217] [DEBUG] cheese - login => username:zce,password:$2a$08$lV0Gr4AKx7xH7cCU4KCGCOikNzGPaWIpw9W7A9BONIxoJ2.hGC9qi
[2022-05-14T19:34:50.217] [DEBUG] cheese - zce
[2022-05-14T19:34:50.232] [DEBUG] cheese - null
[2022-05-14T19:34:50.233] [DEBUG] cheese - null
[2022-05-14T19:37:22.458] [DEBUG] cheese - login => username:admin,password:123456
[2022-05-14T19:37:22.459] [DEBUG] cheese - admin
[2022-05-14T19:37:22.486] [DEBUG] cheese - null
[2022-05-14T19:37:22.486] [DEBUG] cheese - null
[2022-05-16T15:26:57.939] [DEBUG] cheese - login => username:admin,password:123456
[2022-05-16T15:26:57.941] [DEBUG] cheese - admin
[2022-05-16T15:26:58.113] [DEBUG] cheese - null
[2022-05-16T15:26:58.114] [DEBUG] cheese - null
[2022-05-16T15:27:00.871] [DEBUG] cheese - login => username:admin,password:123456
[2022-05-16T15:27:00.872] [DEBUG] cheese - admin
[2022-05-16T15:27:00.875] [DEBUG] cheese - null
[2022-05-16T15:27:00.876] [DEBUG] cheese - null
[2022-05-16T15:27:04.410] [DEBUG] cheese - login => username:admin,password:123456
[2022-05-16T15:27:04.410] [DEBUG] cheese - admin
[2022-05-16T15:27:04.414] [DEBUG] cheese - null
[2022-05-16T15:27:04.414] [DEBUG] cheese - null
[2022-05-16T15:27:07.769] [DEBUG] cheese - login => username:admin,password:123456
[2022-05-16T15:27:07.769] [DEBUG] cheese - admin
[2022-05-16T15:27:07.773] [DEBUG] cheese - null
[2022-05-16T15:27:07.773] [DEBUG] cheese - null
[2022-05-16T15:27:30.080] [DEBUG] cheese - login => username:admin2,password:123456
[2022-05-16T15:27:30.080] [DEBUG] cheese - admin2
[2022-05-16T15:27:30.083] [DEBUG] cheese - null
[2022-05-16T15:27:30.083] [DEBUG] cheese - null
[2022-05-16T15:27:33.126] [DEBUG] cheese - login => username:admin,password:123456
[2022-05-16T15:27:33.126] [DEBUG] cheese - admin
[2022-05-16T15:27:33.130] [DEBUG] cheese - null
[2022-05-16T15:27:33.130] [DEBUG] cheese - null
[2022-05-16T15:42:36.385] [DEBUG] cheese - login => username:admin,password:123456
[2022-05-16T15:42:36.385] [DEBUG] cheese - admin
[2022-05-16T15:42:36.390] [DEBUG] cheese - null
[2022-05-16T15:42:36.390] [DEBUG] cheese - null
[2022-05-16T15:44:36.620] [DEBUG] cheese - login => username:admin,password:123456
[2022-05-16T15:44:36.621] [DEBUG] cheese - admin
[2022-05-16T15:44:36.624] [DEBUG] cheese - null
[2022-05-16T15:44:36.624] [DEBUG] cheese - null
[2022-05-16T16:55:31.638] [DEBUG] cheese - login => username:admin,password:123456
[2022-05-16T16:55:31.638] [DEBUG] cheese - admin
[2022-05-16T16:55:31.643] [DEBUG] cheese - null
[2022-05-16T16:55:31.643] [DEBUG] cheese - null
[2022-05-16T19:21:46.760] [DEBUG] cheese - login => username:admin,password:123456
[2022-05-16T19:21:46.761] [DEBUG] cheese - admin
[2022-05-16T19:21:46.771] [DEBUG] cheese - null
[2022-05-16T19:21:46.772] [DEBUG] cheese - null
[2022-05-16T19:21:48.605] [DEBUG] cheese - login => username:admin,password:123456
[2022-05-16T19:21:48.605] [DEBUG] cheese - admin
[2022-05-16T19:21:48.607] [DEBUG] cheese - null
[2022-05-16T19:21:48.607] [DEBUG] cheese - null
[2022-05-16T19:22:01.792] [DEBUG] cheese - login => username:admin,password:123456
[2022-05-16T19:22:01.792] [DEBUG] cheese - admin
[2022-05-16T19:22:01.794] [DEBUG] cheese - null
[2022-05-16T19:22:01.794] [DEBUG] cheese - null
[2022-05-16T19:22:04.300] [DEBUG] cheese - login => username:admins,password:123456
[2022-05-16T19:22:04.301] [DEBUG] cheese - admins
[2022-05-16T19:22:04.302] [DEBUG] cheese - null
[2022-05-16T19:22:04.303] [DEBUG] cheese - null
[2022-05-16T19:22:07.114] [DEBUG] cheese - login => username:admin,password:123456
[2022-05-16T19:22:07.114] [DEBUG] cheese - admin
[2022-05-16T19:22:07.116] [DEBUG] cheese - null
[2022-05-16T19:22:07.116] [DEBUG] cheese - null
[2022-05-16T19:22:42.198] [DEBUG] cheese - login => username:admin,password:123456
[2022-05-16T19:22:42.198] [DEBUG] cheese - admin
[2022-05-16T19:22:42.200] [DEBUG] cheese - null
[2022-05-16T19:22:42.200] [DEBUG] cheese - null
[2022-05-16T19:24:57.109] [DEBUG] cheese - login => username:admin,password:123456
[2022-05-16T19:24:57.109] [DEBUG] cheese - admin
[2022-05-16T19:24:57.111] [DEBUG] cheese - null
[2022-05-16T19:24:57.111] [DEBUG] cheese - null
[2022-05-17T10:35:54.942] [DEBUG] cheese - login => username:admin,password:123456
[2022-05-17T10:35:54.944] [DEBUG] cheese - admin
[2022-05-17T10:35:55.017] [DEBUG] cheese - null
[2022-05-17T10:35:55.017] [DEBUG] cheese - null
[2022-05-17T10:43:55.512] [DEBUG] cheese - login => username:admin,password:123456
[2022-05-17T10:43:55.513] [DEBUG] cheese - admin
[2022-05-17T10:43:55.516] [DEBUG] cheese - null
[2022-05-17T10:43:55.516] [DEBUG] cheese - null
[2022-05-17T10:51:58.715] [DEBUG] cheese - login => username:admin,password:123456
[2022-05-17T10:51:58.716] [DEBUG] cheese - admin
[2022-05-17T10:51:58.717] [DEBUG] cheese - null
[2022-05-17T10:51:58.717] [DEBUG] cheese - null
[2022-05-17T14:02:39.632] [DEBUG] cheese - login => username:admin,password:123456
[2022-05-17T14:02:39.632] [DEBUG] cheese - admin
[2022-05-17T14:02:39.635] [DEBUG] cheese - null
[2022-05-17T14:02:39.635] [DEBUG] cheese - null
[2022-05-17T14:03:45.717] [DEBUG] cheese - login => username:admin,password:123456
[2022-05-17T14:03:45.717] [DEBUG] cheese - admin
[2022-05-17T14:03:45.719] [DEBUG] cheese - null
[2022-05-17T14:03:45.719] [DEBUG] cheese - null
[2022-05-17T14:15:29.763] [DEBUG] cheese - login => username:admin,password:123456
[2022-05-17T14:15:29.763] [DEBUG] cheese - admin
[2022-05-17T14:15:29.765] [DEBUG] cheese - null
[2022-05-17T14:15:29.765] [DEBUG] cheese - null
[2022-05-17T14:17:34.639] [DEBUG] cheese - login => username:admin,password:123456
[2022-05-17T14:17:34.639] [DEBUG] cheese - admin
[2022-05-17T14:17:34.641] [DEBUG] cheese - null
[2022-05-17T14:17:34.641] [DEBUG] cheese - null
[2022-05-17T14:18:49.420] [DEBUG] cheese - login => username:admin,password:123456
[2022-05-17T14:18:49.420] [DEBUG] cheese - admin
[2022-05-17T14:18:49.421] [DEBUG] cheese - null
[2022-05-17T14:18:49.422] [DEBUG] cheese - null
[2022-05-17T21:01:31.954] [DEBUG] cheese - login => username:admin,password:123456
[2022-05-17T21:01:31.955] [DEBUG] cheese - admin
[2022-05-17T21:01:31.966] [DEBUG] cheese - null
[2022-05-17T21:01:31.966] [DEBUG] cheese - null
[2022-05-17T21:01:42.581] [DEBUG] cheese - login => username:admin,password:123456
[2022-05-17T21:01:42.581] [DEBUG] cheese - admin
[2022-05-17T21:01:42.583] [DEBUG] cheese - null
[2022-05-17T21:01:42.583] [DEBUG] cheese - null
[2022-05-17T21:05:58.521] [DEBUG] cheese - login => username:admin,password:123456
[2022-05-17T21:05:58.521] [DEBUG] cheese - admin
[2022-05-17T21:05:58.523] [DEBUG] cheese - null
[2022-05-17T21:05:58.523] [DEBUG] cheese - null
[2022-05-18T11:58:50.106] [DEBUG] cheese - login => username:admin,password:123456
[2022-05-18T11:58:50.107] [DEBUG] cheese - admin
[2022-05-18T11:58:50.120] [DEBUG] cheese - null
[2022-05-18T11:58:50.120] [DEBUG] cheese - null
[2022-05-18T11:59:04.587] [DEBUG] cheese - login => username:admin,password:123456
[2022-05-18T11:59:04.587] [DEBUG] cheese - admin
[2022-05-18T11:59:04.589] [DEBUG] cheese - null
[2022-05-18T11:59:04.589] [DEBUG] cheese - null
[2022-05-18T12:27:02.857] [DEBUG] cheese - login => username:admin,password:123456
[2022-05-18T12:27:02.857] [DEBUG] cheese - admin
[2022-05-18T12:27:02.858] [DEBUG] cheese - null
[2022-05-18T12:27:02.858] [DEBUG] cheese - null
[2022-05-18T12:44:35.786] [DEBUG] cheese - login => username:admin,password:123456
[2022-05-18T12:44:35.786] [DEBUG] cheese - admin
[2022-05-18T12:44:35.788] [DEBUG] cheese - null
[2022-05-18T12:44:35.788] [DEBUG] cheese - null
[2022-05-18T12:45:24.511] [DEBUG] cheese - login => username:admin,password:123456
[2022-05-18T12:45:24.511] [DEBUG] cheese - admin
[2022-05-18T12:45:24.513] [DEBUG] cheese - null
[2022-05-18T12:45:24.513] [DEBUG] cheese - null
[2022-05-18T13:34:41.735] [DEBUG] cheese - login => username:admin,password:123456
[2022-05-18T13:34:41.736] [DEBUG] cheese - admin
[2022-05-18T13:34:41.747] [DEBUG] cheese - null
[2022-05-18T13:34:41.748] [DEBUG] cheese - null
[2022-05-18T15:10:58.209] [DEBUG] cheese - login => username:admin,password:123456
[2022-05-18T15:10:58.211] [DEBUG] cheese - admin
[2022-05-18T15:10:58.222] [DEBUG] cheese - null
[2022-05-18T15:10:58.222] [DEBUG] cheese - null
[2022-05-18T15:35:29.137] [DEBUG] cheese - login => username:admin,password:123456
[2022-05-18T15:35:29.137] [DEBUG] cheese - admin
[2022-05-18T15:35:29.139] [DEBUG] cheese - null
[2022-05-18T15:35:29.139] [DEBUG] cheese - null
[2022-05-18T19:35:55.989] [DEBUG] cheese - login => username:admin,password:123456
[2022-05-18T19:35:55.991] [DEBUG] cheese - admin
[2022-05-18T19:35:56.002] [DEBUG] cheese - null
[2022-05-18T19:35:56.002] [DEBUG] cheese - null
[2022-05-18T19:35:59.276] [DEBUG] cheese - login => username:admin,password:123456
[2022-05-18T19:35:59.276] [DEBUG] cheese - admin
[2022-05-18T19:35:59.278] [DEBUG] cheese - null
[2022-05-18T19:35:59.279] [DEBUG] cheese - null
[2022-05-18T19:36:41.616] [DEBUG] cheese - login => username:admin,password:123456
[2022-05-18T19:36:41.617] [DEBUG] cheese - admin
[2022-05-18T19:36:41.620] [DEBUG] cheese - null
[2022-05-18T19:36:41.620] [DEBUG] cheese - null
[2022-05-18T19:36:43.456] [DEBUG] cheese - login => username:admin,password:123456
[2022-05-18T19:36:43.456] [DEBUG] cheese - admin
[2022-05-18T19:36:43.457] [DEBUG] cheese - null
[2022-05-18T19:36:43.457] [DEBUG] cheese - null
[2022-05-18T19:36:46.511] [DEBUG] cheese - login => username:admin,password:123456
[2022-05-18T19:36:46.511] [DEBUG] cheese - admin
[2022-05-18T19:36:46.512] [DEBUG] cheese - null
[2022-05-18T19:36:46.512] [DEBUG] cheese - null
[2022-05-18T19:46:34.155] [DEBUG] cheese - login => username:admin,password:123456
[2022-05-18T19:46:34.155] [DEBUG] cheese - admin
[2022-05-18T19:46:34.158] [DEBUG] cheese - null
[2022-05-18T19:46:34.158] [DEBUG] cheese - null
